yarn run v1.22.17
$ sb build --output-dir C:\Users\SR3-SA~1\AppData\Local\Temp\chromatic--31792-SuxIHzGazjPB
storybook v8.2.9

info => Cleaning outputDir: C:\Users\SR3-SA~1\AppData\Local\Temp\chromatic--31792-SuxIHzGazjPB
info => Loading presets
info => Building manager..
info => Manager built (288 ms)
info => Building preview..
WARN No story files found for the specified pattern: src\**\*.mdx
info Using tsconfig paths for react-docgen
[36mvite v5.4.2 [32mbuilding for production...[36m[39m
transforming...
[32m✓[39m 524 modules transformed.
rendering chunks...
computing gzip size...
[2mC:/Users/SR3-SA~1/AppData/Local/Temp/chromatic--31792-SuxIHzGazjPB/[22m[32miframe.html                               [39m[1m[2m 16.36 kB[22m[1m[22m[2m │ gzip:   4.44 kB[22m
[2mC:/Users/SR3-SA~1/AppData/Local/Temp/chromatic--31792-SuxIHzGazjPB/[22m[35massets/preview-O7T6jsmk.css               [39m[1m[2m  4.27 kB[22m[1m[22m[2m │ gzip:   1.12 kB[22m
[2mC:/Users/SR3-SA~1/AppData/Local/Temp/chromatic--31792-SuxIHzGazjPB/[22m[36massets/preview-BnWGZYux.js                [39m[1m[2m  0.07 kB[22m[1m[22m[2m │ gzip:   0.08 kB[22m
[2mC:/Users/SR3-SA~1/AppData/Local/Temp/chromatic--31792-SuxIHzGazjPB/[22m[36massets/preview-B6o5tbqs.js                [39m[1m[2m  0.14 kB[22m[1m[22m[2m │ gzip:   0.14 kB[22m
[2mC:/Users/SR3-SA~1/AppData/Local/Temp/chromatic--31792-SuxIHzGazjPB/[22m[36massets/index-BrnU7xv7.js                  [39m[1m[2m  0.42 kB[22m[1m[22m[2m │ gzip:   0.27 kB[22m
[2mC:/Users/SR3-SA~1/AppData/Local/Temp/chromatic--31792-SuxIHzGazjPB/[22m[36massets/theme.stories-B3SySzaX.js          [39m[1m[2m  0.55 kB[22m[1m[22m[2m │ gzip:   0.34 kB[22m
[2mC:/Users/SR3-SA~1/AppData/Local/Temp/chromatic--31792-SuxIHzGazjPB/[22m[36massets/preview-BJPLiuSt.js                [39m[1m[2m  0.64 kB[22m[1m[22m[2m │ gzip:   0.45 kB[22m
[2mC:/Users/SR3-SA~1/AppData/Local/Temp/chromatic--31792-SuxIHzGazjPB/[22m[36massets/index-DeR1SrYz.js                  [39m[1m[2m  0.66 kB[22m[1m[22m[2m │ gzip:   0.38 kB[22m
[2mC:/Users/SR3-SA~1/AppData/Local/Temp/chromatic--31792-SuxIHzGazjPB/[22m[36massets/preview-BpcF_O6y.js                [39m[1m[2m  0.71 kB[22m[1m[22m[2m │ gzip:   0.50 kB[22m
[2mC:/Users/SR3-SA~1/AppData/Local/Temp/chromatic--31792-SuxIHzGazjPB/[22m[36massets/index-DrFu-skq.js                  [39m[1m[2m  0.77 kB[22m[1m[22m[2m │ gzip:   0.47 kB[22m
[2mC:/Users/SR3-SA~1/AppData/Local/Temp/chromatic--31792-SuxIHzGazjPB/[22m[36massets/index-i5X67GZP.js                  [39m[1m[2m  0.79 kB[22m[1m[22m[2m │ gzip:   0.50 kB[22m
[2mC:/Users/SR3-SA~1/AppData/Local/Temp/chromatic--31792-SuxIHzGazjPB/[22m[36massets/preview-ColFvckn.js                [39m[1m[2m  0.82 kB[22m[1m[22m[2m │ gzip:   0.54 kB[22m
[2mC:/Users/SR3-SA~1/AppData/Local/Temp/chromatic--31792-SuxIHzGazjPB/[22m[36massets/jsx-runtime-CkxqCPlQ.js            [39m[1m[2m  0.92 kB[22m[1m[22m[2m │ gzip:   0.58 kB[22m
[2mC:/Users/SR3-SA~1/AppData/Local/Temp/chromatic--31792-SuxIHzGazjPB/[22m[36massets/entry-preview-CbA5J4yZ.js          [39m[1m[2m  1.44 kB[22m[1m[22m[2m │ gzip:   0.80 kB[22m
[2mC:/Users/SR3-SA~1/AppData/Local/Temp/chromatic--31792-SuxIHzGazjPB/[22m[36massets/index-D_MwQu_f.js                  [39m[1m[2m  1.75 kB[22m[1m[22m[2m │ gzip:   0.90 kB[22m
[2mC:/Users/SR3-SA~1/AppData/Local/Temp/chromatic--31792-SuxIHzGazjPB/[22m[36massets/button.stories-CQ3PIsFK.js         [39m[1m[2m  1.76 kB[22m[1m[22m[2m │ gzip:   0.78 kB[22m
[2mC:/Users/SR3-SA~1/AppData/Local/Temp/chromatic--31792-SuxIHzGazjPB/[22m[36massets/modal.stories-Clio9UQs.js          [39m[1m[2m  2.20 kB[22m[1m[22m[2m │ gzip:   0.96 kB[22m
[2mC:/Users/SR3-SA~1/AppData/Local/Temp/chromatic--31792-SuxIHzGazjPB/[22m[36massets/select.stories-MItZkQxE.js         [39m[1m[2m  2.25 kB[22m[1m[22m[2m │ gzip:   0.98 kB[22m
[2mC:/Users/SR3-SA~1/AppData/Local/Temp/chromatic--31792-SuxIHzGazjPB/[22m[36massets/input.stories-DwypFyii.js          [39m[1m[2m  2.57 kB[22m[1m[22m[2m │ gzip:   0.95 kB[22m
[2mC:/Users/SR3-SA~1/AppData/Local/Temp/chromatic--31792-SuxIHzGazjPB/[22m[36massets/index-D-8MO0q_.js                  [39m[1m[2m  2.58 kB[22m[1m[22m[2m │ gzip:   1.26 kB[22m
[2mC:/Users/SR3-SA~1/AppData/Local/Temp/chromatic--31792-SuxIHzGazjPB/[22m[36massets/preview-9hFJSo5S.js                [39m[1m[2m  3.20 kB[22m[1m[22m[2m │ gzip:   1.38 kB[22m
[2mC:/Users/SR3-SA~1/AppData/Local/Temp/chromatic--31792-SuxIHzGazjPB/[22m[36massets/preview-Ct5NkTJf.js                [39m[1m[2m  3.50 kB[22m[1m[22m[2m │ gzip:   1.69 kB[22m
[2mC:/Users/SR3-SA~1/AppData/Local/Temp/chromatic--31792-SuxIHzGazjPB/[22m[36massets/iframe-CSNxCbp6.js                 [39m[1m[2m  4.70 kB[22m[1m[22m[2m │ gzip:   1.84 kB[22m
[2mC:/Users/SR3-SA~1/AppData/Local/Temp/chromatic--31792-SuxIHzGazjPB/[22m[36massets/index-DJO9vBfz.js                  [39m[1m[2m  6.96 kB[22m[1m[22m[2m │ gzip:   2.78 kB[22m
[2mC:/Users/SR3-SA~1/AppData/Local/Temp/chromatic--31792-SuxIHzGazjPB/[22m[36massets/preview-DB9FwMii.js                [39m[1m[2m  7.62 kB[22m[1m[22m[2m │ gzip:   1.56 kB[22m
[2mC:/Users/SR3-SA~1/AppData/Local/Temp/chromatic--31792-SuxIHzGazjPB/[22m[36massets/preview-Cdum89jS.js                [39m[1m[2m  8.12 kB[22m[1m[22m[2m │ gzip:   3.10 kB[22m
[2mC:/Users/SR3-SA~1/AppData/Local/Temp/chromatic--31792-SuxIHzGazjPB/[22m[36massets/Color-KGDBMAHA-C_8RAwJg.js         [39m[1m[2m 30.88 kB[22m[1m[22m[2m │ gzip:  11.76 kB[22m
[2mC:/Users/SR3-SA~1/AppData/Local/Temp/chromatic--31792-SuxIHzGazjPB/[22m[36massets/preview-gLmJTRpJ.js                [39m[1m[2m 61.68 kB[22m[1m[22m[2m │ gzip:  21.53 kB[22m
[2mC:/Users/SR3-SA~1/AppData/Local/Temp/chromatic--31792-SuxIHzGazjPB/[22m[36massets/isArray-tqYo1RmB.js                [39m[1m[2m 80.48 kB[22m[1m[22m[2m │ gzip:  24.03 kB[22m
[2mC:/Users/SR3-SA~1/AppData/Local/Temp/chromatic--31792-SuxIHzGazjPB/[22m[36massets/react-18-B2S_ETuh.js               [39m[1m[2m134.45 kB[22m[1m[22m[2m │ gzip:  43.36 kB[22m
[2mC:/Users/SR3-SA~1/AppData/Local/Temp/chromatic--31792-SuxIHzGazjPB/[22m[36massets/entry-preview-docs-CYQott0x.js     [39m[1m[2m354.44 kB[22m[1m[22m[2m │ gzip: 107.07 kB[22m
[2mC:/Users/SR3-SA~1/AppData/Local/Temp/chromatic--31792-SuxIHzGazjPB/[22m[36massets/DocsRenderer-PKQXORMH-BtVMz79T.js  [39m[1m[33m882.09 kB[39m[22m[2m │ gzip: 280.76 kB[22m
[32m✓ built in 8.76s[39m
info => Preview built (9.73 s)
info => Output directory: C:\Users\SR3-SA~1\AppData\Local\Temp\chromatic--31792-SuxIHzGazjPB
Done in 16.07s.
